android-sample/app/build/intermediates/manifest_merge_blame_file/debug/processDebugMainManifest/manifest-merger-blame-debug-report.txt
1<?xml version="1.0" encoding="utf-8"?>
2<manifest xmlns:android="http://schemas.android.com/apk/res/android"
3    package="com.example.fcmtest"
4    android:versionCode="1"
5    android:versionName="1.0" >
6
7    <uses-sdk
8        android:minSdkVersion="21"
9        android:targetSdkVersion="34" />
10
11    <uses-permission android:name="android.permission.INTERNET" />
11-->src\main\AndroidManifest.xml:3:2-63
11-->src\main\AndroidManifest.xml:3:19-61
12    <uses-permission android:name="android.permission.POST_NOTIFICATIONS" />
12-->src\main\AndroidManifest.xml:4:2-73
12-->src\main\AndroidManifest.xml:4:19-71
13    <uses-permission android:name="android.permission.ACCESS_NETWORK_STATE" />
13-->[com.google.firebase:firebase-messaging:24.0.1] AndroidManifest.xml:22:5-79
13-->[com.google.firebase:firebase-messaging:24.0.1] AndroidManifest.xml:22:22-76
14    <uses-permission android:name="android.permission.WAKE_LOCK" /> <!-- Required by older versions of Google Play services to create IID tokens -->
14-->[com.google.firebase:firebase-messaging:24.0.1] AndroidManifest.xml:24:5-68
14-->[com.google.firebase:firebase-messaging:24.0.1] AndroidManifest.xml:24:22-65
15    <uses-permission android:name="com.google.android.c2dm.permission.RECEIVE" />
15-->[com.google.firebase:firebase-messaging:24.0.1] AndroidManifest.xml:26:5-82
15-->[com.google.firebase:firebase-messaging:24.0.1] AndroidManifest.xml:26:22-79
16
17    <permission
17-->[androidx.core:core:1.13.1] AndroidManifest.xml:22:5-24:47
18        android:name="com.example.fcmtest.DYNAMIC_RECEIVER_NOT_EXPORTED_PERMISSION"
18-->[androidx.core:core:1.13.1] AndroidManifest.xml:23:9-81
19        android:protectionLevel="signature" />
19-->[androidx.core:core:1.13.1] AndroidManifest.xml:24:9-44
20
21    <uses-permission android:name="com.example.fcmtest.DYNAMIC_RECEIVER_NOT_EXPORTED_PERMISSION" />
21-->[androidx.core:core:1.13.1] AndroidManifest.xml:26:5-97
21-->[androidx.core:core:1.13.1] AndroidManifest.xml:26:22-94
22
23    <application
23-->src\main\AndroidManifest.xml:6:2-28:16
24        android:allowBackup="true"
24-->src\main\AndroidManifest.xml:7:3-29
25        android:appComponentFactory="androidx.core.app.CoreComponentFactory"
25-->[androidx.core:core:1.13.1] AndroidManifest.xml:28:18-86
26        android:debuggable="true"
27        android:extractNativeLibs="true"
28        android:label="FcmTokenSample"
28-->src\main\AndroidManifest.xml:8:3-33
29        android:supportsRtl="true"
29-->src\main\AndroidManifest.xml:9:3-29
30        android:testOnly="true"
31        android:theme="@style/AppTheme" >
31-->src\main\AndroidManifest.xml:10:3-34
32        <activity
32-->src\main\AndroidManifest.xml:11:3-19:14
33            android:name="com.example.fcmtest.MainActivity"
33-->src\main\AndroidManifest.xml:12:4-32
34            android:exported="true"
34-->src\main\AndroidManifest.xml:13:4-27
35            android:theme="@style/AppTheme" >
35-->src\main\AndroidManifest.xml:14:4-35
36            <intent-filter>
36-->src\main\AndroidManifest.xml:15:4-18:20
37                <action android:name="android.intent.action.MAIN" />
37-->src\main\AndroidManifest.xml:16:5-56
37-->src\main\AndroidManifest.xml:16:13-54
38
39                <category android:name="android.intent.category.LAUNCHER" />
39-->src\main\AndroidManifest.xml:17:5-64
39-->src\main\AndroidManifest.xml:17:15-62
40            </intent-filter>
41        </activity>
42
43        <service
43-->src\main\AndroidManifest.xml:21:3-27:13
44            android:name="com.example.fcmtest.MyFirebaseMessagingService"
44-->src\main\AndroidManifest.xml:22:4-46
45            android:exported="false" >
45-->src\main\AndroidManifest.xml:23:4-28
46            <intent-filter>
46-->src\main\AndroidManifest.xml:24:4-26:20
47                <action android:name="com.google.firebase.MESSAGING_EVENT" />
47-->src\main\AndroidManifest.xml:25:5-65
47-->src\main\AndroidManifest.xml:25:13-63
48            </intent-filter>
49        </service>
50
51        <receiver
51-->[com.google.firebase:firebase-messaging:24.0.1] AndroidManifest.xml:29:9-40:20
52            android:name="com.google.firebase.iid.FirebaseInstanceIdReceiver"
52-->[com.google.firebase:firebase-messaging:24.0.1] AndroidManifest.xml:30:13-78
53            android:exported="true"
53-->[com.google.firebase:firebase-messaging:24.0.1] AndroidManifest.xml:31:13-36
54            android:permission="com.google.android.c2dm.permission.SEND" >
54-->[com.google.firebase:firebase-messaging:24.0.1] AndroidManifest.xml:32:13-73
55            <intent-filter>
55-->[com.google.firebase:firebase-messaging:24.0.1] AndroidManifest.xml:33:13-35:29
56                <action android:name="com.google.android.c2dm.intent.RECEIVE" />
56-->[com.google.firebase:firebase-messaging:24.0.1] AndroidManifest.xml:34:17-81
56-->[com.google.firebase:firebase-messaging:24.0.1] AndroidManifest.xml:34:25-78
57            </intent-filter>
58
59            <meta-data
59-->[com.google.firebase:firebase-messaging:24.0.1] AndroidManifest.xml:37:13-39:40
60                android:name="com.google.android.gms.cloudmessaging.FINISHED_AFTER_HANDLED"
60-->[com.google.firebase:firebase-messaging:24.0.1] AndroidManifest.xml:38:17-92
61                android:value="true" />
61-->[com.google.firebase:firebase-messaging:24.0.1] AndroidManifest.xml:39:17-37
62        </receiver>
63        <!--
64             FirebaseMessagingService performs security checks at runtime,
65             but set to not exported to explicitly avoid allowing another app to call it.
66        -->
67        <service
67-->[com.google.firebase:firebase-messaging:24.0.1] AndroidManifest.xml:46:9-53:19
68            android:name="com.google.firebase.messaging.FirebaseMessagingService"
68-->[com.google.firebase:firebase-messaging:24.0.1] AndroidManifest.xml:47:13-82
69            android:directBootAware="true"
69-->[com.google.firebase:firebase-messaging:24.0.1] AndroidManifest.xml:48:13-43
70            android:exported="false" >
70-->[com.google.firebase:firebase-messaging:24.0.1] AndroidManifest.xml:49:13-37
71            <intent-filter android:priority="-500" >
71-->src\main\AndroidManifest.xml:24:4-26:20
72                <action android:name="com.google.firebase.MESSAGING_EVENT" />
72-->src\main\AndroidManifest.xml:25:5-65
72-->src\main\AndroidManifest.xml:25:13-63
73            </intent-filter>
74        </service>
75        <service
75-->[com.google.firebase:firebase-messaging:24.0.1] AndroidManifest.xml:54:9-63:19
76            android:name="com.google.firebase.components.ComponentDiscoveryService"
76-->[com.google.firebase:firebase-messaging:24.0.1] AndroidManifest.xml:55:13-84
77            android:directBootAware="true"
77-->[com.google.firebase:firebase-common:21.0.0] AndroidManifest.xml:32:13-43
78            android:exported="false" >
78-->[com.google.firebase:firebase-messaging:24.0.1] AndroidManifest.xml:56:13-37
79            <meta-data
79-->[com.google.firebase:firebase-messaging:24.0.1] AndroidManifest.xml:57:13-59:85
80                android:name="com.google.firebase.components:com.google.firebase.messaging.FirebaseMessagingKtxRegistrar"
80-->[com.google.firebase:firebase-messaging:24.0.1] AndroidManifest.xml:58:17-122
81                android:value="com.google.firebase.components.ComponentRegistrar" />
81-->[com.google.firebase:firebase-messaging:24.0.1] AndroidManifest.xml:59:17-82
82            <meta-data
82-->[com.google.firebase:firebase-messaging:24.0.1] AndroidManifest.xml:60:13-62:85
83                android:name="com.google.firebase.components:com.google.firebase.messaging.FirebaseMessagingRegistrar"
83-->[com.google.firebase:firebase-messaging:24.0.1] AndroidManifest.xml:61:17-119
84                android:value="com.google.firebase.components.ComponentRegistrar" />
84-->[com.google.firebase:firebase-messaging:24.0.1] AndroidManifest.xml:62:17-82
85            <meta-data
85-->[com.google.firebase:firebase-installations:18.0.0] AndroidManifest.xml:15:13-17:85
86                android:name="com.google.firebase.components:com.google.firebase.installations.FirebaseInstallationsKtxRegistrar"
86-->[com.google.firebase:firebase-installations:18.0.0] AndroidManifest.xml:16:17-130
87                android:value="com.google.firebase.components.ComponentRegistrar" />
87-->[com.google.firebase:firebase-installations:18.0.0] AndroidManifest.xml:17:17-82
88            <meta-data
88-->[com.google.firebase:firebase-installations:18.0.0] AndroidManifest.xml:18:13-20:85
89                android:name="com.google.firebase.components:com.google.firebase.installations.FirebaseInstallationsRegistrar"
89-->[com.google.firebase:firebase-installations:18.0.0] AndroidManifest.xml:19:17-127
90                android:value="com.google.firebase.components.ComponentRegistrar" />
90-->[com.google.firebase:firebase-installations:18.0.0] AndroidManifest.xml:20:17-82
91            <meta-data
91-->[com.google.firebase:firebase-common-ktx:21.0.0] AndroidManifest.xml:12:13-14:85
92                android:name="com.google.firebase.components:com.google.firebase.ktx.FirebaseCommonLegacyRegistrar"
92-->[com.google.firebase:firebase-common-ktx:21.0.0] AndroidManifest.xml:13:17-116
93                android:value="com.google.firebase.components.ComponentRegistrar" />
93-->[com.google.firebase:firebase-common-ktx:21.0.0] AndroidManifest.xml:14:17-82
94            <meta-data
94-->[com.google.firebase:firebase-common:21.0.0] AndroidManifest.xml:35:13-37:85
95                android:name="com.google.firebase.components:com.google.firebase.FirebaseCommonKtxRegistrar"
95-->[com.google.firebase:firebase-common:21.0.0] AndroidManifest.xml:36:17-109
96                android:value="com.google.firebase.components.ComponentRegistrar" />
96-->[com.google.firebase:firebase-common:21.0.0] AndroidManifest.xml:37:17-82
97            <meta-data
97-->[com.google.firebase:firebase-datatransport:18.2.0] AndroidManifest.xml:25:13-27:85
98                android:name="com.google.firebase.components:com.google.firebase.datatransport.TransportRegistrar"
98-->[com.google.firebase:firebase-datatransport:18.2.0] AndroidManifest.xml:26:17-115
99                android:value="com.google.firebase.components.ComponentRegistrar" />
99-->[com.google.firebase:firebase-datatransport:18.2.0] AndroidManifest.xml:27:17-82
100        </service>
101
102        <provider
102-->[androidx.emoji2:emoji2:1.3.0] AndroidManifest.xml:24:9-32:20
103            android:name="androidx.startup.InitializationProvider"
103-->[androidx.emoji2:emoji2:1.3.0] AndroidManifest.xml:25:13-67
104            android:authorities="com.example.fcmtest.androidx-startup"
104-->[androidx.emoji2:emoji2:1.3.0] AndroidManifest.xml:26:13-68
105            android:exported="false" >
105-->[androidx.emoji2:emoji2:1.3.0] AndroidManifest.xml:27:13-37
106            <meta-data
106-->[androidx.emoji2:emoji2:1.3.0] AndroidManifest.xml:29:13-31:52
107                android:name="androidx.emoji2.text.EmojiCompatInitializer"
107-->[androidx.emoji2:emoji2:1.3.0] AndroidManifest.xml:30:17-75
108                android:value="androidx.startup" />
108-->[androidx.emoji2:emoji2:1.3.0] AndroidManifest.xml:31:17-49
109            <meta-data
109-->[androidx.lifecycle:lifecycle-process:2.6.2] AndroidManifest.xml:29:13-31:52
110                android:name="androidx.lifecycle.ProcessLifecycleInitializer"
110-->[androidx.lifecycle:lifecycle-process:2.6.2] AndroidManifest.xml:30:17-78
111                android:value="androidx.startup" />
111-->[androidx.lifecycle:lifecycle-process:2.6.2] AndroidManifest.xml:31:17-49
112            <meta-data
112-->[androidx.profileinstaller:profileinstaller:1.3.1] AndroidManifest.xml:29:13-31:52
113                android:name="androidx.profileinstaller.ProfileInstallerInitializer"
113-->[androidx.profileinstaller:profileinstaller:1.3.1] AndroidManifest.xml:30:17-85
114                android:value="androidx.startup" />
114-->[androidx.profileinstaller:profileinstaller:1.3.1] AndroidManifest.xml:31:17-49
115        </provider>
116
117        <activity
117-->[com.google.android.gms:play-services-base:18.0.1] AndroidManifest.xml:20:9-22:45
118            android:name="com.google.android.gms.common.api.GoogleApiActivity"
118-->[com.google.android.gms:play-services-base:18.0.1] AndroidManifest.xml:20:19-85
119            android:exported="false"
119-->[com.google.android.gms:play-services-base:18.0.1] AndroidManifest.xml:22:19-43
120            android:theme="@android:style/Theme.Translucent.NoTitleBar" />
120-->[com.google.android.gms:play-services-base:18.0.1] AndroidManifest.xml:21:19-78
121
122        <provider
122-->[com.google.firebase:firebase-common:21.0.0] AndroidManifest.xml:23:9-28:39
123            android:name="com.google.firebase.provider.FirebaseInitProvider"
123-->[com.google.firebase:firebase-common:21.0.0] AndroidManifest.xml:24:13-77
124            android:authorities="com.example.fcmtest.firebaseinitprovider"
124-->[com.google.firebase:firebase-common:21.0.0] AndroidManifest.xml:25:13-72
125            android:directBootAware="true"
125-->[com.google.firebase:firebase-common:21.0.0] AndroidManifest.xml:26:13-43
126            android:exported="false"
126-->[com.google.firebase:firebase-common:21.0.0] AndroidManifest.xml:27:13-37
127            android:initOrder="100" />
127-->[com.google.firebase:firebase-common:21.0.0] AndroidManifest.xml:28:13-36
128
129        <meta-data
129-->[com.google.android.gms:play-services-basement:18.3.0] AndroidManifest.xml:21:9-23:69
130            android:name="com.google.android.gms.version"
130-->[com.google.android.gms:play-services-basement:18.3.0] AndroidManifest.xml:22:13-58
131            android:value="@integer/google_play_services_version" />
131-->[com.google.android.gms:play-services-basement:18.3.0] AndroidManifest.xml:23:13-66
132
133        <service
133-->[com.google.android.datatransport:transport-backend-cct:3.1.9] AndroidManifest.xml:28:9-34:19
134            android:name="com.google.android.datatransport.runtime.backends.TransportBackendDiscovery"
134-->[com.google.android.datatransport:transport-backend-cct:3.1.9] AndroidManifest.xml:29:13-103
135            android:exported="false" >
135-->[com.google.android.datatransport:transport-backend-cct:3.1.9] AndroidManifest.xml:30:13-37
136            <meta-data
136-->[com.google.android.datatransport:transport-backend-cct:3.1.9] AndroidManifest.xml:31:13-33:39
137                android:name="backend:com.google.android.datatransport.cct.CctBackendFactory"
137-->[com.google.android.datatransport:transport-backend-cct:3.1.9] AndroidManifest.xml:32:17-94
138                android:value="cct" />
138-->[com.google.android.datatransport:transport-backend-cct:3.1.9] AndroidManifest.xml:33:17-36
139        </service>
140        <service
140-->[com.google.android.datatransport:transport-runtime:3.1.9] AndroidManifest.xml:26:9-30:19
141            android:name="com.google.android.datatransport.runtime.scheduling.jobscheduling.JobInfoSchedulerService"
141-->[com.google.android.datatransport:transport-runtime:3.1.9] AndroidManifest.xml:27:13-117
142            android:exported="false"
142-->[com.google.android.datatransport:transport-runtime:3.1.9] AndroidManifest.xml:28:13-37
143            android:permission="android.permission.BIND_JOB_SERVICE" >
143-->[com.google.android.datatransport:transport-runtime:3.1.9] AndroidManifest.xml:29:13-69
144        </service>
145
146        <receiver
146-->[com.google.android.datatransport:transport-runtime:3.1.9] AndroidManifest.xml:32:9-34:40
147            android:name="com.google.android.datatransport.runtime.scheduling.jobscheduling.AlarmManagerSchedulerBroadcastReceiver"
147-->[com.google.android.datatransport:transport-runtime:3.1.9] AndroidManifest.xml:33:13-132
148            android:exported="false" />
148-->[com.google.android.datatransport:transport-runtime:3.1.9] AndroidManifest.xml:34:13-37
149        <receiver
149-->[androidx.profileinstaller:profileinstaller:1.3.1] AndroidManifest.xml:34:9-52:20
150            android:name="androidx.profileinstaller.ProfileInstallReceiver"
150-->[androidx.profileinstaller:profileinstaller:1.3.1] AndroidManifest.xml:35:13-76
151            android:directBootAware="false"
151-->[androidx.profileinstaller:profileinstaller:1.3.1] AndroidManifest.xml:36:13-44
152            android:enabled="true"
152-->[androidx.profileinstaller:profileinstaller:1.3.1] AndroidManifest.xml:37:13-35
153            android:exported="true"
153-->[androidx.profileinstaller:profileinstaller:1.3.1] AndroidManifest.xml:38:13-36
154            android:permission="android.permission.DUMP" >
154-->[androidx.profileinstaller:profileinstaller:1.3.1] AndroidManifest.xml:39:13-57
155            <intent-filter>
155-->[androidx.profileinstaller:profileinstaller:1.3.1] AndroidManifest.xml:40:13-42:29
156                <action android:name="androidx.profileinstaller.action.INSTALL_PROFILE" />
156-->[androidx.profileinstaller:profileinstaller:1.3.1] AndroidManifest.xml:41:17-91
156-->[androidx.profileinstaller:profileinstaller:1.3.1] AndroidManifest.xml:41:25-88
157            </intent-filter>
158            <intent-filter>
158-->[androidx.profileinstaller:profileinstaller:1.3.1] AndroidManifest.xml:43:13-45:29
159                <action android:name="androidx.profileinstaller.action.SKIP_FILE" />
159-->[androidx.profileinstaller:profileinstaller:1.3.1] AndroidManifest.xml:44:17-85
159-->[androidx.profileinstaller:profileinstaller:1.3.1] AndroidManifest.xml:44:25-82
160            </intent-filter>
161            <intent-filter>
161-->[androidx.profileinstaller:profileinstaller:1.3.1] AndroidManifest.xml:46:13-48:29
162                <action android:name="androidx.profileinstaller.action.SAVE_PROFILE" />
162-->[androidx.profileinstaller:profileinstaller:1.3.1] AndroidManifest.xml:47:17-88
162-->[androidx.profileinstaller:profileinstaller:1.3.1] AndroidManifest.xml:47:25-85
163            </intent-filter>
164            <intent-filter>
164-->[androidx.profileinstaller:profileinstaller:1.3.1] AndroidManifest.xml:49:13-51:29
165                <action android:name="androidx.profileinstaller.action.BENCHMARK_OPERATION" />
165-->[androidx.profileinstaller:profileinstaller:1.3.1] AndroidManifest.xml:50:17-95
165-->[androidx.profileinstaller:profileinstaller:1.3.1] AndroidManifest.xml:50:25-92
166            </intent-filter>
167        </receiver>
168    </application>
169
170</manifest>